


Started GET "/movies" for 127.0.0.1 at 2013-10-08 11:55:29 -0700
  Processing by MoviesController#index as HTML
  [1m[36mMovie Load (0.2ms)[0m  [1mSELECT "movies".* FROM "movies" [0m
Completed 500 Internal Server Error in 2ms

ArgumentError (wrong number of arguments):
  app/controllers/movies_controller.rb:44:in `system'
  app/controllers/movies_controller.rb:44:in `index'

Rendered /usr/local/lib/ruby/gems/1.9.1/gems/actionpack-3.1.0/lib/action_dispatch/middleware/templates/rescues/_trace.erb (0.9ms)
Rendered /usr/local/lib/ruby/gems/1.9.1/gems/actionpack-3.1.0/lib/action_dispatch/middleware/templates/rescues/_request_and_response.erb (0.7ms)
Rendered /usr/local/lib/ruby/gems/1.9.1/gems/actionpack-3.1.0/lib/action_dispatch/middleware/templates/rescues/diagnostics.erb within rescues/layout (3.3ms)


Started GET "/movies" for 127.0.0.1 at 2013-10-08 11:57:23 -0700
  Processing by MoviesController#index as HTML
  [1m[35mMovie Load (0.2ms)[0m  SELECT "movies".* FROM "movies" 
params[:ratings]:

Rendered movies/index.html.haml within layouts/application (20.3ms)
Completed 200 OK in 50ms (Views: 48.0ms | ActiveRecord: 0.5ms)


Started GET "/assets/application.css?body=1" for 127.0.0.1 at 2013-10-08 11:57:23 -0700
Served asset /application.css - 304 Not Modified (0ms)


Started GET "/assets/jquery_ujs.js?body=1" for 127.0.0.1 at 2013-10-08 11:57:23 -0700
Served asset /jquery_ujs.js - 304 Not Modified (9ms)


Started GET "/assets/jquery.js?body=1" for 127.0.0.1 at 2013-10-08 11:57:23 -0700
Served asset /jquery.js - 304 Not Modified (2ms)


Started GET "/assets/application.js?body=1" for 127.0.0.1 at 2013-10-08 11:57:23 -0700
Served asset /application.js - 304 Not Modified (0ms)


Started GET "/movies?utf8=%E2%9C%93&ratings%5BG%5D=true&ratings%5BPG%5D=true&commit=Refresh" for 127.0.0.1 at 2013-10-08 11:57:28 -0700
  Processing by MoviesController#index as HTML
  Parameters: {"utf8"=>"✓", "ratings"=>{"G"=>"true", "PG"=>"true"}, "commit"=>"Refresh"}
  [1m[36mMovie Load (0.1ms)[0m  [1mSELECT "movies".* FROM "movies" [0m
params[:ratings]:
{"G"=>"true", "PG"=>"true"}
Rendered movies/index.html.haml within layouts/application (5.2ms)
Completed 200 OK in 17ms (Views: 8.7ms | ActiveRecord: 0.4ms)


Started GET "/assets/application.css?body=1" for 127.0.0.1 at 2013-10-08 11:57:28 -0700
Served asset /application.css - 304 Not Modified (0ms)


Started GET "/assets/application.js?body=1" for 127.0.0.1 at 2013-10-08 11:57:28 -0700
Served asset /application.js - 304 Not Modified (0ms)


Started GET "/assets/jquery.js?body=1" for 127.0.0.1 at 2013-10-08 11:57:28 -0700
Served asset /jquery.js - 304 Not Modified (0ms)


Started GET "/assets/jquery_ujs.js?body=1" for 127.0.0.1 at 2013-10-08 11:57:28 -0700
Served asset /jquery_ujs.js - 304 Not Modified (0ms)


Started GET "/movies" for 127.0.0.1 at 2013-10-08 11:59:09 -0700
  Processing by MoviesController#index as HTML
  [1m[35mMovie Load (0.2ms)[0m  SELECT "movies".* FROM "movies" 
params[:ratings]:

Rendered movies/index.html.haml within layouts/application (58.9ms)
Completed 200 OK in 80ms (Views: 75.0ms | ActiveRecord: 0.5ms)


Started GET "/assets/application.css?body=1" for 127.0.0.1 at 2013-10-08 11:59:09 -0700
Served asset /application.css - 304 Not Modified (0ms)


Started GET "/assets/jquery.js?body=1" for 127.0.0.1 at 2013-10-08 11:59:09 -0700
Served asset /jquery.js - 304 Not Modified (0ms)


Started GET "/assets/jquery_ujs.js?body=1" for 127.0.0.1 at 2013-10-08 11:59:09 -0700
Served asset /jquery_ujs.js - 304 Not Modified (0ms)


Started GET "/assets/application.js?body=1" for 127.0.0.1 at 2013-10-08 11:59:09 -0700
Served asset /application.js - 304 Not Modified (0ms)


Started GET "/movies?utf8=%E2%9C%93&ratingass%5BG%5D=true&ratingass%5BPG%5D=true&commit=Refresh" for 127.0.0.1 at 2013-10-08 11:59:16 -0700
  Processing by MoviesController#index as HTML
  Parameters: {"utf8"=>"✓", "ratingass"=>{"G"=>"true", "PG"=>"true"}, "commit"=>"Refresh"}
  [1m[36mMovie Load (0.2ms)[0m  [1mSELECT "movies".* FROM "movies" [0m
params[:ratings]:

Rendered movies/index.html.haml within layouts/application (11.7ms)
Completed 200 OK in 17ms (Views: 15.8ms | ActiveRecord: 0.5ms)


Started GET "/assets/application.css?body=1" for 127.0.0.1 at 2013-10-08 11:59:16 -0700
Served asset /application.css - 304 Not Modified (0ms)


Started GET "/assets/application.js?body=1" for 127.0.0.1 at 2013-10-08 11:59:16 -0700
Served asset /application.js - 304 Not Modified (0ms)


Started GET "/assets/jquery_ujs.js?body=1" for 127.0.0.1 at 2013-10-08 11:59:16 -0700
Served asset /jquery_ujs.js - 304 Not Modified (0ms)


Started GET "/assets/jquery.js?body=1" for 127.0.0.1 at 2013-10-08 11:59:16 -0700
Served asset /jquery.js - 304 Not Modified (0ms)


Started GET "/movies?utf8=%E2%9C%93&ratingass%5BPG-13%5D=true&ratingass%5BR%5D=true&ratingass%5BNC-17%5D=true&commit=Refresh" for 127.0.0.1 at 2013-10-08 11:59:25 -0700
  Processing by MoviesController#index as HTML
  Parameters: {"utf8"=>"✓", "ratingass"=>{"PG-13"=>"true", "R"=>"true", "NC-17"=>"true"}, "commit"=>"Refresh"}
  [1m[35mMovie Load (0.2ms)[0m  SELECT "movies".* FROM "movies" 
params[:ratings]:

Rendered movies/index.html.haml within layouts/application (11.9ms)
Completed 200 OK in 18ms (Views: 15.9ms | ActiveRecord: 0.4ms)


Started GET "/assets/application.css?body=1" for 127.0.0.1 at 2013-10-08 11:59:25 -0700
Served asset /application.css - 304 Not Modified (0ms)


Started GET "/assets/jquery_ujs.js?body=1" for 127.0.0.1 at 2013-10-08 11:59:25 -0700
Served asset /jquery_ujs.js - 304 Not Modified (7ms)


Started GET "/assets/jquery.js?body=1" for 127.0.0.1 at 2013-10-08 11:59:25 -0700
Served asset /jquery.js - 304 Not Modified (0ms)


Started GET "/assets/application.js?body=1" for 127.0.0.1 at 2013-10-08 11:59:25 -0700
Served asset /application.js - 304 Not Modified (0ms)


Started GET "/movies?utf8=%E2%9C%93&ratingass%5BG%5D=true&ratingass%5BPG%5D=true&commit=Refresh" for 127.0.0.1 at 2013-10-08 11:59:41 -0700
  Processing by MoviesController#index as HTML
  Parameters: {"utf8"=>"✓", "ratingass"=>{"G"=>"true", "PG"=>"true"}, "commit"=>"Refresh"}
  [1m[36mMovie Load (0.1ms)[0m  [1mSELECT "movies".* FROM "movies" [0m
params[:ratings]:

Rendered movies/index.html.haml within layouts/application (14.8ms)
Completed 200 OK in 21ms (Views: 19.5ms | ActiveRecord: 0.4ms)


Started GET "/assets/application.css?body=1" for 127.0.0.1 at 2013-10-08 11:59:41 -0700
Served asset /application.css - 304 Not Modified (8ms)


Started GET "/assets/jquery.js?body=1" for 127.0.0.1 at 2013-10-08 11:59:41 -0700
Served asset /jquery.js - 304 Not Modified (0ms)


Started GET "/assets/jquery_ujs.js?body=1" for 127.0.0.1 at 2013-10-08 11:59:41 -0700
Served asset /jquery_ujs.js - 304 Not Modified (0ms)


Started GET "/assets/application.js?body=1" for 127.0.0.1 at 2013-10-08 11:59:41 -0700
Served asset /application.js - 304 Not Modified (0ms)


Started GET "/movies" for 127.0.0.1 at 2013-10-08 12:00:24 -0700
  Processing by MoviesController#index as HTML
  [1m[35mMovie Load (0.2ms)[0m  SELECT "movies".* FROM "movies" 
params[:ratings]:

Rendered movies/index.html.haml within layouts/application (106.9ms)
Completed 200 OK in 128ms (Views: 122.7ms | ActiveRecord: 0.4ms)


Started GET "/assets/application.css?body=1" for 127.0.0.1 at 2013-10-08 12:00:25 -0700
Served asset /application.css - 304 Not Modified (0ms)


Started GET "/assets/application.js?body=1" for 127.0.0.1 at 2013-10-08 12:00:25 -0700
Served asset /application.js - 304 Not Modified (0ms)


Started GET "/assets/jquery_ujs.js?body=1" for 127.0.0.1 at 2013-10-08 12:00:25 -0700
Served asset /jquery_ujs.js - 304 Not Modified (0ms)


Started GET "/assets/jquery.js?body=1" for 127.0.0.1 at 2013-10-08 12:00:25 -0700
Served asset /jquery.js - 304 Not Modified (0ms)


Started GET "/movies?utf8=%E2%9C%93&ratings%5BG%5D=true&ratings%5BPG%5D=true&ratings%5BNC-17%5D=true&commit=Refresh" for 127.0.0.1 at 2013-10-08 12:00:28 -0700
  Processing by MoviesController#index as HTML
  Parameters: {"utf8"=>"✓", "ratings"=>{"G"=>"true", "PG"=>"true", "NC-17"=>"true"}, "commit"=>"Refresh"}
  [1m[36mMovie Load (0.2ms)[0m  [1mSELECT "movies".* FROM "movies" [0m
params[:ratings]:
{"G"=>"true", "PG"=>"true", "NC-17"=>"true"}
Rendered movies/index.html.haml within layouts/application (5.7ms)
Completed 200 OK in 15ms (Views: 10.0ms | ActiveRecord: 0.4ms)


Started GET "/assets/application.css?body=1" for 127.0.0.1 at 2013-10-08 12:00:28 -0700
Served asset /application.css - 304 Not Modified (0ms)


Started GET "/assets/application.js?body=1" for 127.0.0.1 at 2013-10-08 12:00:28 -0700
Served asset /application.js - 304 Not Modified (0ms)


Started GET "/assets/jquery_ujs.js?body=1" for 127.0.0.1 at 2013-10-08 12:00:28 -0700
Served asset /jquery_ujs.js - 304 Not Modified (0ms)


Started GET "/assets/jquery.js?body=1" for 127.0.0.1 at 2013-10-08 12:00:28 -0700
Served asset /jquery.js - 304 Not Modified (0ms)


Started GET "/movies?order=date&ratings%5BG%5D=true&ratings%5BNC-17%5D=true&ratings%5BPG%5D=true" for 127.0.0.1 at 2013-10-08 12:00:30 -0700
  Processing by MoviesController#index as HTML
  Parameters: {"order"=>"date", "ratings"=>{"G"=>"true", "NC-17"=>"true", "PG"=>"true"}}
  [1m[35mMovie Load (0.2ms)[0m  SELECT "movies".* FROM "movies" 
params[:ratings]:
{"G"=>"true", "NC-17"=>"true", "PG"=>"true"}
Rendered movies/index.html.haml within layouts/application (18.1ms)
Completed 200 OK in 46ms (Views: 34.3ms | ActiveRecord: 0.4ms)


Started GET "/assets/application.css?body=1" for 127.0.0.1 at 2013-10-08 12:00:30 -0700
Served asset /application.css - 304 Not Modified (0ms)


Started GET "/assets/application.js?body=1" for 127.0.0.1 at 2013-10-08 12:00:30 -0700
Served asset /application.js - 304 Not Modified (0ms)


Started GET "/assets/jquery_ujs.js?body=1" for 127.0.0.1 at 2013-10-08 12:00:30 -0700
Served asset /jquery_ujs.js - 304 Not Modified (0ms)


Started GET "/assets/jquery.js?body=1" for 127.0.0.1 at 2013-10-08 12:00:30 -0700
Served asset /jquery.js - 304 Not Modified (0ms)


Started GET "/movies" for 127.0.0.1 at 2013-10-08 12:11:55 -0700
  Processing by MoviesController#index as HTML
  [1m[36mMovie Load (0.3ms)[0m  [1mSELECT "movies".* FROM "movies" [0m
Redirected to http://localhost:3000/movies?order=date&ratings%5BG%5D=true&ratings%5BNC-17%5D=true&ratings%5BPG%5D=true
Completed 302 Found in 10ms


Started GET "/movies?order=date&ratings%5BG%5D=true&ratings%5BNC-17%5D=true&ratings%5BPG%5D=true" for 127.0.0.1 at 2013-10-08 12:11:56 -0700
  Processing by MoviesController#index as HTML
  Parameters: {"order"=>"date", "ratings"=>{"G"=>"true", "NC-17"=>"true", "PG"=>"true"}}
  [1m[35mMovie Load (0.2ms)[0m  SELECT "movies".* FROM "movies" 
Rendered movies/index.html.haml within layouts/application (26.4ms)
Completed 200 OK in 76ms (Views: 69.3ms | ActiveRecord: 0.4ms)


Started GET "/assets/application.css?body=1" for 127.0.0.1 at 2013-10-08 12:11:56 -0700
Served asset /application.css - 304 Not Modified (0ms)


Started GET "/assets/application.js?body=1" for 127.0.0.1 at 2013-10-08 12:11:56 -0700
Served asset /application.js - 304 Not Modified (0ms)


Started GET "/assets/jquery_ujs.js?body=1" for 127.0.0.1 at 2013-10-08 12:11:56 -0700
Served asset /jquery_ujs.js - 304 Not Modified (1ms)


Started GET "/assets/jquery.js?body=1" for 127.0.0.1 at 2013-10-08 12:11:56 -0700
Served asset /jquery.js - 304 Not Modified (11ms)


Started GET "/movies" for 127.0.0.1 at 2013-10-08 12:12:15 -0700
  Processing by MoviesController#index as HTML
  [1m[36mMovie Load (0.2ms)[0m  [1mSELECT "movies".* FROM "movies" [0m
Rendered movies/index.html.haml within layouts/application (22.1ms)
Completed 200 OK in 41ms (Views: 35.7ms | ActiveRecord: 0.5ms)


Started GET "/assets/application.css?body=1" for 127.0.0.1 at 2013-10-08 12:12:15 -0700
Served asset /application.css - 304 Not Modified (0ms)


Started GET "/assets/application.js?body=1" for 127.0.0.1 at 2013-10-08 12:12:15 -0700
Served asset /application.js - 304 Not Modified (0ms)


Started GET "/assets/jquery.js?body=1" for 127.0.0.1 at 2013-10-08 12:12:15 -0700
Served asset /jquery.js - 304 Not Modified (0ms)


Started GET "/assets/jquery_ujs.js?body=1" for 127.0.0.1 at 2013-10-08 12:12:15 -0700
Served asset /jquery_ujs.js - 304 Not Modified (0ms)


Started GET "/movies?utf8=%E2%9C%93&ratings%5BG%5D=true&ratings%5BR%5D=true&ratings%5BNC-17%5D=true&commit=Refresh" for 127.0.0.1 at 2013-10-08 12:12:19 -0700
  Processing by MoviesController#index as HTML
  Parameters: {"utf8"=>"✓", "ratings"=>{"G"=>"true", "R"=>"true", "NC-17"=>"true"}, "commit"=>"Refresh"}
  [1m[35mMovie Load (0.2ms)[0m  SELECT "movies".* FROM "movies" 
Rendered movies/index.html.haml within layouts/application (6.0ms)
Completed 200 OK in 16ms (Views: 9.8ms | ActiveRecord: 0.8ms)


Started GET "/assets/application.css?body=1" for 127.0.0.1 at 2013-10-08 12:12:19 -0700
Served asset /application.css - 304 Not Modified (0ms)


Started GET "/assets/jquery_ujs.js?body=1" for 127.0.0.1 at 2013-10-08 12:12:19 -0700
Served asset /jquery_ujs.js - 304 Not Modified (0ms)


Started GET "/assets/application.js?body=1" for 127.0.0.1 at 2013-10-08 12:12:19 -0700
Served asset /application.js - 304 Not Modified (0ms)


Started GET "/assets/jquery.js?body=1" for 127.0.0.1 at 2013-10-08 12:12:19 -0700
Served asset /jquery.js - 304 Not Modified (0ms)


Started GET "/movies?order=date&ratings%5BG%5D=true&ratings%5BNC-17%5D=true&ratings%5BR%5D=true" for 127.0.0.1 at 2013-10-08 12:12:20 -0700
  Processing by MoviesController#index as HTML
  Parameters: {"order"=>"date", "ratings"=>{"G"=>"true", "NC-17"=>"true", "R"=>"true"}}
  [1m[36mMovie Load (0.2ms)[0m  [1mSELECT "movies".* FROM "movies" [0m
Rendered movies/index.html.haml within layouts/application (9.4ms)
Completed 200 OK in 32ms (Views: 23.1ms | ActiveRecord: 0.5ms)


Started GET "/assets/application.css?body=1" for 127.0.0.1 at 2013-10-08 12:12:20 -0700
Served asset /application.css - 304 Not Modified (0ms)


Started GET "/assets/jquery_ujs.js?body=1" for 127.0.0.1 at 2013-10-08 12:12:20 -0700
Served asset /jquery_ujs.js - 304 Not Modified (0ms)


Started GET "/assets/application.js?body=1" for 127.0.0.1 at 2013-10-08 12:12:20 -0700
Served asset /application.js - 304 Not Modified (0ms)


Started GET "/assets/jquery.js?body=1" for 127.0.0.1 at 2013-10-08 12:12:20 -0700
Served asset /jquery.js - 304 Not Modified (0ms)


Started GET "/movies?order=title&ratings%5BG%5D=true&ratings%5BNC-17%5D=true&ratings%5BR%5D=true" for 127.0.0.1 at 2013-10-08 12:12:21 -0700
  Processing by MoviesController#index as HTML
  Parameters: {"order"=>"title", "ratings"=>{"G"=>"true", "NC-17"=>"true", "R"=>"true"}}
  [1m[35mMovie Load (0.2ms)[0m  SELECT "movies".* FROM "movies" 
Rendered movies/index.html.haml within layouts/application (5.3ms)
Completed 200 OK in 15ms (Views: 9.3ms | ActiveRecord: 0.4ms)


Started GET "/assets/application.css?body=1" for 127.0.0.1 at 2013-10-08 12:12:21 -0700
Served asset /application.css - 304 Not Modified (0ms)


Started GET "/assets/jquery.js?body=1" for 127.0.0.1 at 2013-10-08 12:12:21 -0700
Served asset /jquery.js - 304 Not Modified (0ms)


Started GET "/assets/jquery_ujs.js?body=1" for 127.0.0.1 at 2013-10-08 12:12:21 -0700
Served asset /jquery_ujs.js - 304 Not Modified (0ms)


Started GET "/assets/application.js?body=1" for 127.0.0.1 at 2013-10-08 12:12:21 -0700
Served asset /application.js - 304 Not Modified (0ms)


Started GET "/movies?order=date&ratings%5BG%5D=true&ratings%5BNC-17%5D=true&ratings%5BR%5D=true" for 127.0.0.1 at 2013-10-08 12:12:22 -0700
  Processing by MoviesController#index as HTML
  Parameters: {"order"=>"date", "ratings"=>{"G"=>"true", "NC-17"=>"true", "R"=>"true"}}
  [1m[36mMovie Load (0.2ms)[0m  [1mSELECT "movies".* FROM "movies" [0m
Rendered movies/index.html.haml within layouts/application (4.3ms)
Completed 200 OK in 16ms (Views: 9.3ms | ActiveRecord: 0.4ms)


Started GET "/assets/application.css?body=1" for 127.0.0.1 at 2013-10-08 12:12:22 -0700
Served asset /application.css - 304 Not Modified (0ms)


Started GET "/assets/application.js?body=1" for 127.0.0.1 at 2013-10-08 12:12:22 -0700
Served asset /application.js - 304 Not Modified (0ms)


Started GET "/assets/jquery_ujs.js?body=1" for 127.0.0.1 at 2013-10-08 12:12:22 -0700
Served asset /jquery_ujs.js - 304 Not Modified (0ms)


Started GET "/assets/jquery.js?body=1" for 127.0.0.1 at 2013-10-08 12:12:22 -0700
Served asset /jquery.js - 304 Not Modified (0ms)


Started GET "/movies/1" for 127.0.0.1 at 2013-10-08 12:12:23 -0700
  Processing by MoviesController#show as HTML
  Parameters: {"id"=>"1"}
  [1m[35mMovie Load (0.1ms)[0m  SELECT "movies".* FROM "movies" WHERE "movies"."id" = ? LIMIT 1  [["id", "1"]]
Rendered movies/show.html.haml within layouts/application (7.8ms)
Completed 200 OK in 14ms (Views: 11.8ms | ActiveRecord: 0.4ms)


Started GET "/assets/application.css?body=1" for 127.0.0.1 at 2013-10-08 12:12:23 -0700
Served asset /application.css - 304 Not Modified (0ms)


Started GET "/assets/jquery_ujs.js?body=1" for 127.0.0.1 at 2013-10-08 12:12:23 -0700
Served asset /jquery_ujs.js - 304 Not Modified (0ms)


Started GET "/assets/application.js?body=1" for 127.0.0.1 at 2013-10-08 12:12:23 -0700
Served asset /application.js - 304 Not Modified (4ms)


Started GET "/assets/jquery.js?body=1" for 127.0.0.1 at 2013-10-08 12:12:23 -0700
Served asset /jquery.js - 304 Not Modified (0ms)


Started GET "/movies" for 127.0.0.1 at 2013-10-08 12:12:24 -0700
  Processing by MoviesController#index as HTML
  [1m[36mMovie Load (0.2ms)[0m  [1mSELECT "movies".* FROM "movies" [0m
Redirected to http://localhost:3000/movies?order=date&ratings%5BG%5D=true&ratings%5BNC-17%5D=true&ratings%5BR%5D=true
Completed 302 Found in 10ms


Started GET "/movies?order=date&ratings%5BG%5D=true&ratings%5BNC-17%5D=true&ratings%5BR%5D=true" for 127.0.0.1 at 2013-10-08 12:12:24 -0700
  Processing by MoviesController#index as HTML
  Parameters: {"order"=>"date", "ratings"=>{"G"=>"true", "NC-17"=>"true", "R"=>"true"}}
  [1m[35mMovie Load (0.0ms)[0m  SELECT "movies".* FROM "movies" 
Rendered movies/index.html.haml within layouts/application (7.3ms)
Completed 200 OK in 18ms (Views: 12.1ms | ActiveRecord: 0.2ms)


Started GET "/assets/application.css?body=1" for 127.0.0.1 at 2013-10-08 12:12:24 -0700
Served asset /application.css - 304 Not Modified (0ms)


Started GET "/assets/jquery_ujs.js?body=1" for 127.0.0.1 at 2013-10-08 12:12:25 -0700
Served asset /jquery_ujs.js - 304 Not Modified (0ms)


Started GET "/assets/application.js?body=1" for 127.0.0.1 at 2013-10-08 12:12:25 -0700
Served asset /application.js - 304 Not Modified (0ms)


Started GET "/assets/jquery.js?body=1" for 127.0.0.1 at 2013-10-08 12:12:25 -0700
Served asset /jquery.js - 304 Not Modified (0ms)


Started GET "/movies/7" for 127.0.0.1 at 2013-10-08 12:12:26 -0700
  Processing by MoviesController#show as HTML
  Parameters: {"id"=>"7"}
  [1m[36mMovie Load (0.1ms)[0m  [1mSELECT "movies".* FROM "movies" WHERE "movies"."id" = ? LIMIT 1[0m  [["id", "7"]]
Rendered movies/show.html.haml within layouts/application (6.2ms)
Completed 200 OK in 11ms (Views: 10.1ms | ActiveRecord: 0.3ms)


Started GET "/assets/application.css?body=1" for 127.0.0.1 at 2013-10-08 12:12:26 -0700
Served asset /application.css - 304 Not Modified (0ms)


Started GET "/assets/jquery.js?body=1" for 127.0.0.1 at 2013-10-08 12:12:26 -0700
Served asset /jquery.js - 304 Not Modified (0ms)


Started GET "/assets/application.js?body=1" for 127.0.0.1 at 2013-10-08 12:12:26 -0700
Served asset /application.js - 304 Not Modified (0ms)


Started GET "/assets/jquery_ujs.js?body=1" for 127.0.0.1 at 2013-10-08 12:12:26 -0700
Served asset /jquery_ujs.js - 304 Not Modified (0ms)


Started GET "/movies" for 127.0.0.1 at 2013-10-08 12:12:27 -0700
  Processing by MoviesController#index as HTML
  [1m[35mMovie Load (0.2ms)[0m  SELECT "movies".* FROM "movies" 
Redirected to http://localhost:3000/movies?order=date&ratings%5BG%5D=true&ratings%5BNC-17%5D=true&ratings%5BR%5D=true
Completed 302 Found in 8ms


Started GET "/movies?order=date&ratings%5BG%5D=true&ratings%5BNC-17%5D=true&ratings%5BR%5D=true" for 127.0.0.1 at 2013-10-08 12:12:27 -0700
  Processing by MoviesController#index as HTML
  Parameters: {"order"=>"date", "ratings"=>{"G"=>"true", "NC-17"=>"true", "R"=>"true"}}
  [1m[36mMovie Load (0.1ms)[0m  [1mSELECT "movies".* FROM "movies" [0m
Rendered movies/index.html.haml within layouts/application (5.1ms)
Completed 200 OK in 16ms (Views: 8.7ms | ActiveRecord: 0.4ms)


Started GET "/assets/application.css?body=1" for 127.0.0.1 at 2013-10-08 12:12:27 -0700
Served asset /application.css - 304 Not Modified (0ms)


Started GET "/assets/application.js?body=1" for 127.0.0.1 at 2013-10-08 12:12:27 -0700
Served asset /application.js - 304 Not Modified (5ms)


Started GET "/assets/jquery.js?body=1" for 127.0.0.1 at 2013-10-08 12:12:27 -0700
Served asset /jquery.js - 304 Not Modified (0ms)


Started GET "/assets/jquery_ujs.js?body=1" for 127.0.0.1 at 2013-10-08 12:12:27 -0700
Served asset /jquery_ujs.js - 304 Not Modified (0ms)


Started GET "/movies?order=title&ratings%5BG%5D=true&ratings%5BNC-17%5D=true&ratings%5BR%5D=true" for 127.0.0.1 at 2013-10-08 12:12:30 -0700
  Processing by MoviesController#index as HTML
  Parameters: {"order"=>"title", "ratings"=>{"G"=>"true", "NC-17"=>"true", "R"=>"true"}}
  [1m[35mMovie Load (0.2ms)[0m  SELECT "movies".* FROM "movies" 
Rendered movies/index.html.haml within layouts/application (8.0ms)
Completed 200 OK in 18ms (Views: 12.3ms | ActiveRecord: 0.6ms)


Started GET "/assets/application.css?body=1" for 127.0.0.1 at 2013-10-08 12:12:30 -0700
Served asset /application.css - 304 Not Modified (0ms)


Started GET "/assets/jquery_ujs.js?body=1" for 127.0.0.1 at 2013-10-08 12:12:30 -0700
Served asset /jquery_ujs.js - 304 Not Modified (0ms)


Started GET "/assets/application.js?body=1" for 127.0.0.1 at 2013-10-08 12:12:30 -0700
Served asset /application.js - 304 Not Modified (0ms)


Started GET "/assets/jquery.js?body=1" for 127.0.0.1 at 2013-10-08 12:12:30 -0700
Served asset /jquery.js - 304 Not Modified (0ms)


Started GET "/movies?order=date&ratings%5BG%5D=true&ratings%5BNC-17%5D=true&ratings%5BR%5D=true" for 127.0.0.1 at 2013-10-08 12:12:31 -0700
  Processing by MoviesController#index as HTML
  Parameters: {"order"=>"date", "ratings"=>{"G"=>"true", "NC-17"=>"true", "R"=>"true"}}
  [1m[36mMovie Load (0.2ms)[0m  [1mSELECT "movies".* FROM "movies" [0m
Rendered movies/index.html.haml within layouts/application (76.6ms)
Completed 200 OK in 95ms (Views: 89.6ms | ActiveRecord: 0.5ms)


Started GET "/assets/application.css?body=1" for 127.0.0.1 at 2013-10-08 12:12:31 -0700
Served asset /application.css - 304 Not Modified (0ms)


Started GET "/assets/jquery_ujs.js?body=1" for 127.0.0.1 at 2013-10-08 12:12:32 -0700
Served asset /jquery_ujs.js - 304 Not Modified (0ms)


Started GET "/assets/application.js?body=1" for 127.0.0.1 at 2013-10-08 12:12:32 -0700
Served asset /application.js - 304 Not Modified (0ms)


Started GET "/assets/jquery.js?body=1" for 127.0.0.1 at 2013-10-08 12:12:32 -0700
Served asset /jquery.js - 304 Not Modified (0ms)


Started GET "/movies?order=title&ratings%5BG%5D=true&ratings%5BNC-17%5D=true&ratings%5BR%5D=true" for 127.0.0.1 at 2013-10-08 12:12:32 -0700
  Processing by MoviesController#index as HTML
  Parameters: {"order"=>"title", "ratings"=>{"G"=>"true", "NC-17"=>"true", "R"=>"true"}}
  [1m[35mMovie Load (0.2ms)[0m  SELECT "movies".* FROM "movies" 
Rendered movies/index.html.haml within layouts/application (16.0ms)
Completed 200 OK in 53ms (Views: 30.4ms | ActiveRecord: 3.2ms)


Started GET "/assets/application.css?body=1" for 127.0.0.1 at 2013-10-08 12:12:32 -0700
Served asset /application.css - 304 Not Modified (0ms)


Started GET "/assets/jquery.js?body=1" for 127.0.0.1 at 2013-10-08 12:12:32 -0700
Served asset /jquery.js - 304 Not Modified (0ms)


Started GET "/assets/application.js?body=1" for 127.0.0.1 at 2013-10-08 12:12:32 -0700
Served asset /application.js - 304 Not Modified (0ms)


Started GET "/assets/jquery_ujs.js?body=1" for 127.0.0.1 at 2013-10-08 12:12:32 -0700
Served asset /jquery_ujs.js - 304 Not Modified (0ms)


Started GET "/movies?utf8=%E2%9C%93&ratings%5BG%5D=true&ratings%5BPG-13%5D=true&ratings%5BR%5D=true&ratings%5BNC-17%5D=true&commit=Refresh" for 127.0.0.1 at 2013-10-08 12:12:33 -0700
  Processing by MoviesController#index as HTML
  Parameters: {"utf8"=>"✓", "ratings"=>{"G"=>"true", "PG-13"=>"true", "R"=>"true", "NC-17"=>"true"}, "commit"=>"Refresh"}
  [1m[36mMovie Load (0.2ms)[0m  [1mSELECT "movies".* FROM "movies" [0m
Redirected to http://localhost:3000/movies?order=title&ratings%5BG%5D=true&ratings%5BNC-17%5D=true&ratings%5BPG-13%5D=true&ratings%5BR%5D=true
Completed 302 Found in 6ms


Started GET "/movies?order=title&ratings%5BG%5D=true&ratings%5BNC-17%5D=true&ratings%5BPG-13%5D=true&ratings%5BR%5D=true" for 127.0.0.1 at 2013-10-08 12:12:33 -0700
  Processing by MoviesController#index as HTML
  Parameters: {"order"=>"title", "ratings"=>{"G"=>"true", "NC-17"=>"true", "PG-13"=>"true", "R"=>"true"}}
  [1m[35mMovie Load (0.2ms)[0m  SELECT "movies".* FROM "movies" 
Rendered movies/index.html.haml within layouts/application (6.8ms)
Completed 200 OK in 44ms (Views: 38.5ms | ActiveRecord: 0.3ms)


Started GET "/assets/application.css?body=1" for 127.0.0.1 at 2013-10-08 12:12:33 -0700
Served asset /application.css - 304 Not Modified (0ms)


Started GET "/assets/jquery.js?body=1" for 127.0.0.1 at 2013-10-08 12:12:33 -0700
Served asset /jquery.js - 304 Not Modified (0ms)


Started GET "/assets/application.js?body=1" for 127.0.0.1 at 2013-10-08 12:12:33 -0700
Served asset /application.js - 304 Not Modified (0ms)


Started GET "/assets/jquery_ujs.js?body=1" for 127.0.0.1 at 2013-10-08 12:12:33 -0700
Served asset /jquery_ujs.js - 304 Not Modified (0ms)


Started GET "/movies?order=date&ratings%5BG%5D=true&ratings%5BNC-17%5D=true&ratings%5BPG-13%5D=true&ratings%5BR%5D=true" for 127.0.0.1 at 2013-10-08 12:12:34 -0700
  Processing by MoviesController#index as HTML
  Parameters: {"order"=>"date", "ratings"=>{"G"=>"true", "NC-17"=>"true", "PG-13"=>"true", "R"=>"true"}}
  [1m[36mMovie Load (0.2ms)[0m  [1mSELECT "movies".* FROM "movies" [0m
Rendered movies/index.html.haml within layouts/application (6.0ms)
Completed 200 OK in 16ms (Views: 10.3ms | ActiveRecord: 0.4ms)


Started GET "/assets/application.css?body=1" for 127.0.0.1 at 2013-10-08 12:12:34 -0700
Served asset /application.css - 304 Not Modified (0ms)


Started GET "/assets/jquery.js?body=1" for 127.0.0.1 at 2013-10-08 12:12:34 -0700
Served asset /jquery.js - 304 Not Modified (0ms)


Started GET "/assets/jquery_ujs.js?body=1" for 127.0.0.1 at 2013-10-08 12:12:34 -0700
Served asset /jquery_ujs.js - 304 Not Modified (0ms)


Started GET "/assets/application.js?body=1" for 127.0.0.1 at 2013-10-08 12:12:34 -0700
Served asset /application.js - 304 Not Modified (0ms)


Started GET "/movies?order=title&ratings%5BG%5D=true&ratings%5BNC-17%5D=true&ratings%5BPG-13%5D=true&ratings%5BR%5D=true" for 127.0.0.1 at 2013-10-08 12:12:36 -0700
  Processing by MoviesController#index as HTML
  Parameters: {"order"=>"title", "ratings"=>{"G"=>"true", "NC-17"=>"true", "PG-13"=>"true", "R"=>"true"}}
  [1m[35mMovie Load (0.2ms)[0m  SELECT "movies".* FROM "movies" 
Rendered movies/index.html.haml within layouts/application (22.2ms)
Completed 200 OK in 54ms (Views: 36.3ms | ActiveRecord: 0.3ms)


Started GET "/assets/application.css?body=1" for 127.0.0.1 at 2013-10-08 12:12:36 -0700
Served asset /application.css - 304 Not Modified (0ms)


Started GET "/assets/jquery_ujs.js?body=1" for 127.0.0.1 at 2013-10-08 12:12:36 -0700
Served asset /jquery_ujs.js - 304 Not Modified (0ms)


Started GET "/assets/application.js?body=1" for 127.0.0.1 at 2013-10-08 12:12:36 -0700
Served asset /application.js - 304 Not Modified (0ms)


Started GET "/assets/jquery.js?body=1" for 127.0.0.1 at 2013-10-08 12:12:36 -0700
Served asset /jquery.js - 304 Not Modified (0ms)


Started GET "/movies/3" for 127.0.0.1 at 2013-10-08 12:12:37 -0700
  Processing by MoviesController#show as HTML
  Parameters: {"id"=>"3"}
  [1m[36mMovie Load (0.1ms)[0m  [1mSELECT "movies".* FROM "movies" WHERE "movies"."id" = ? LIMIT 1[0m  [["id", "3"]]
Rendered movies/show.html.haml within layouts/application (5.7ms)
Completed 200 OK in 11ms (Views: 9.5ms | ActiveRecord: 0.4ms)


Started GET "/assets/application.css?body=1" for 127.0.0.1 at 2013-10-08 12:12:37 -0700
Served asset /application.css - 304 Not Modified (0ms)


Started GET "/assets/jquery.js?body=1" for 127.0.0.1 at 2013-10-08 12:12:37 -0700
Served asset /jquery.js - 304 Not Modified (0ms)


Started GET "/assets/jquery_ujs.js?body=1" for 127.0.0.1 at 2013-10-08 12:12:37 -0700
Served asset /jquery_ujs.js - 304 Not Modified (0ms)


Started GET "/assets/application.js?body=1" for 127.0.0.1 at 2013-10-08 12:12:37 -0700
Served asset /application.js - 304 Not Modified (0ms)


Started GET "/movies" for 127.0.0.1 at 2013-10-08 12:12:38 -0700
  Processing by MoviesController#index as HTML
  [1m[35mMovie Load (0.2ms)[0m  SELECT "movies".* FROM "movies" 
Redirected to http://localhost:3000/movies?order=title&ratings%5BG%5D=true&ratings%5BNC-17%5D=true&ratings%5BPG-13%5D=true&ratings%5BR%5D=true
Completed 302 Found in 6ms


Started GET "/movies?order=title&ratings%5BG%5D=true&ratings%5BNC-17%5D=true&ratings%5BPG-13%5D=true&ratings%5BR%5D=true" for 127.0.0.1 at 2013-10-08 12:12:38 -0700
  Processing by MoviesController#index as HTML
  Parameters: {"order"=>"title", "ratings"=>{"G"=>"true", "NC-17"=>"true", "PG-13"=>"true", "R"=>"true"}}
  [1m[36mMovie Load (0.2ms)[0m  [1mSELECT "movies".* FROM "movies" [0m
Rendered movies/index.html.haml within layouts/application (10.1ms)
Completed 200 OK in 26ms (Views: 14.0ms | ActiveRecord: 0.5ms)


Started GET "/assets/application.css?body=1" for 127.0.0.1 at 2013-10-08 12:12:38 -0700
Served asset /application.css - 304 Not Modified (12ms)


Started GET "/assets/jquery.js?body=1" for 127.0.0.1 at 2013-10-08 12:12:38 -0700
Served asset /jquery.js - 304 Not Modified (0ms)


Started GET "/assets/jquery_ujs.js?body=1" for 127.0.0.1 at 2013-10-08 12:12:38 -0700
Served asset /jquery_ujs.js - 304 Not Modified (0ms)


Started GET "/assets/application.js?body=1" for 127.0.0.1 at 2013-10-08 12:12:38 -0700
Served asset /application.js - 304 Not Modified (0ms)


Started GET "/movies" for 127.0.0.1 at 2013-10-08 14:17:16 -0700
  Processing by MoviesController#index as HTML
  [1m[36mMovie Load (0.2ms)[0m  [1mSELECT "movies".* FROM "movies" [0m
Rendered movies/index.html.haml within layouts/application (17.9ms)
Completed 200 OK in 75ms (Views: 73.1ms | ActiveRecord: 0.3ms)


Started GET "/assets/application.css?body=1" for 127.0.0.1 at 2013-10-08 14:17:17 -0700
Served asset /application.css - 304 Not Modified (0ms)


Started GET "/assets/jquery.js?body=1" for 127.0.0.1 at 2013-10-08 14:17:17 -0700
Served asset /jquery.js - 304 Not Modified (1ms)


Started GET "/assets/jquery_ujs.js?body=1" for 127.0.0.1 at 2013-10-08 14:17:17 -0700
Served asset /jquery_ujs.js - 304 Not Modified (1ms)


Started GET "/assets/application.js?body=1" for 127.0.0.1 at 2013-10-08 14:17:17 -0700
Served asset /application.js - 304 Not Modified (0ms)


Started GET "/movies?utf8=%E2%9C%93&ratings%5BG%5D=true&ratings%5BPG%5D=true&commit=Refresh" for 127.0.0.1 at 2013-10-08 14:17:24 -0700
  Processing by MoviesController#index as HTML
  Parameters: {"utf8"=>"✓", "ratings"=>{"G"=>"true", "PG"=>"true"}, "commit"=>"Refresh"}
  [1m[35mMovie Load (0.2ms)[0m  SELECT "movies".* FROM "movies" 
Rendered movies/index.html.haml within layouts/application (5.4ms)
Completed 200 OK in 16ms (Views: 9.6ms | ActiveRecord: 0.3ms)


Started GET "/assets/application.css?body=1" for 127.0.0.1 at 2013-10-08 14:17:24 -0700
Served asset /application.css - 304 Not Modified (0ms)


Started GET "/assets/jquery_ujs.js?body=1" for 127.0.0.1 at 2013-10-08 14:17:24 -0700
Served asset /jquery_ujs.js - 304 Not Modified (3ms)


Started GET "/assets/application.js?body=1" for 127.0.0.1 at 2013-10-08 14:17:24 -0700
Served asset /application.js - 304 Not Modified (0ms)


Started GET "/assets/jquery.js?body=1" for 127.0.0.1 at 2013-10-08 14:17:24 -0700
Served asset /jquery.js - 304 Not Modified (0ms)


Started GET "/movies?order=date&ratings%5BG%5D=true&ratings%5BPG%5D=true" for 127.0.0.1 at 2013-10-08 14:17:25 -0700
  Processing by MoviesController#index as HTML
  Parameters: {"order"=>"date", "ratings"=>{"G"=>"true", "PG"=>"true"}}
  [1m[36mMovie Load (0.2ms)[0m  [1mSELECT "movies".* FROM "movies" [0m
Rendered movies/index.html.haml within layouts/application (5.1ms)
Completed 200 OK in 14ms (Views: 8.7ms | ActiveRecord: 0.5ms)


Started GET "/assets/application.css?body=1" for 127.0.0.1 at 2013-10-08 14:17:25 -0700
Served asset /application.css - 304 Not Modified (0ms)


Started GET "/assets/jquery_ujs.js?body=1" for 127.0.0.1 at 2013-10-08 14:17:25 -0700
Served asset /jquery_ujs.js - 304 Not Modified (0ms)


Started GET "/assets/application.js?body=1" for 127.0.0.1 at 2013-10-08 14:17:25 -0700
Served asset /application.js - 304 Not Modified (0ms)


Started GET "/assets/jquery.js?body=1" for 127.0.0.1 at 2013-10-08 14:17:25 -0700
Served asset /jquery.js - 304 Not Modified (0ms)


Started GET "/movies?order=title&ratings%5BG%5D=true&ratings%5BPG%5D=true" for 127.0.0.1 at 2013-10-08 14:17:26 -0700
  Processing by MoviesController#index as HTML
  Parameters: {"order"=>"title", "ratings"=>{"G"=>"true", "PG"=>"true"}}
  [1m[35mMovie Load (0.3ms)[0m  SELECT "movies".* FROM "movies" 
Rendered movies/index.html.haml within layouts/application (6.0ms)
Completed 200 OK in 16ms (Views: 9.4ms | ActiveRecord: 0.5ms)


Started GET "/assets/application.css?body=1" for 127.0.0.1 at 2013-10-08 14:17:26 -0700
Served asset /application.css - 304 Not Modified (0ms)


Started GET "/assets/jquery_ujs.js?body=1" for 127.0.0.1 at 2013-10-08 14:17:26 -0700
Served asset /jquery_ujs.js - 304 Not Modified (0ms)


Started GET "/assets/application.js?body=1" for 127.0.0.1 at 2013-10-08 14:17:26 -0700
Served asset /application.js - 304 Not Modified (11ms)


Started GET "/assets/jquery.js?body=1" for 127.0.0.1 at 2013-10-08 14:17:26 -0700
Served asset /jquery.js - 304 Not Modified (0ms)


Started GET "/movies?order=date&ratings%5BG%5D=true&ratings%5BPG%5D=true" for 127.0.0.1 at 2013-10-08 14:17:27 -0700
  Processing by MoviesController#index as HTML
  Parameters: {"order"=>"date", "ratings"=>{"G"=>"true", "PG"=>"true"}}
  [1m[36mMovie Load (0.2ms)[0m  [1mSELECT "movies".* FROM "movies" [0m
Rendered movies/index.html.haml within layouts/application (4.4ms)
Completed 200 OK in 16ms (Views: 9.5ms | ActiveRecord: 0.5ms)


Started GET "/assets/application.css?body=1" for 127.0.0.1 at 2013-10-08 14:17:27 -0700
Served asset /application.css - 304 Not Modified (0ms)


Started GET "/assets/jquery_ujs.js?body=1" for 127.0.0.1 at 2013-10-08 14:17:27 -0700
Served asset /jquery_ujs.js - 304 Not Modified (0ms)


Started GET "/assets/application.js?body=1" for 127.0.0.1 at 2013-10-08 14:17:27 -0700
Served asset /application.js - 304 Not Modified (3ms)


Started GET "/assets/jquery.js?body=1" for 127.0.0.1 at 2013-10-08 14:17:27 -0700
Served asset /jquery.js - 304 Not Modified (0ms)


Started GET "/movies?order=title&ratings%5BG%5D=true&ratings%5BPG%5D=true" for 127.0.0.1 at 2013-10-08 14:17:29 -0700
  Processing by MoviesController#index as HTML
  Parameters: {"order"=>"title", "ratings"=>{"G"=>"true", "PG"=>"true"}}
  [1m[35mMovie Load (0.2ms)[0m  SELECT "movies".* FROM "movies" 
Rendered movies/index.html.haml within layouts/application (25.8ms)
Completed 200 OK in 36ms (Views: 29.8ms | ActiveRecord: 0.4ms)


Started GET "/assets/application.css?body=1" for 127.0.0.1 at 2013-10-08 14:17:29 -0700
Served asset /application.css - 304 Not Modified (0ms)


Started GET "/assets/application.js?body=1" for 127.0.0.1 at 2013-10-08 14:17:29 -0700
Served asset /application.js - 304 Not Modified (0ms)


Started GET "/assets/jquery_ujs.js?body=1" for 127.0.0.1 at 2013-10-08 14:17:29 -0700
Served asset /jquery_ujs.js - 304 Not Modified (0ms)


Started GET "/assets/jquery.js?body=1" for 127.0.0.1 at 2013-10-08 14:17:29 -0700
Served asset /jquery.js - 304 Not Modified (0ms)


Started GET "/movies/10" for 127.0.0.1 at 2013-10-08 14:17:30 -0700
  Processing by MoviesController#show as HTML
  Parameters: {"id"=>"10"}
  [1m[36mMovie Load (0.1ms)[0m  [1mSELECT "movies".* FROM "movies" WHERE "movies"."id" = ? LIMIT 1[0m  [["id", "10"]]
Rendered movies/show.html.haml within layouts/application (8.6ms)
Completed 200 OK in 14ms (Views: 12.1ms | ActiveRecord: 0.4ms)


Started GET "/assets/application.css?body=1" for 127.0.0.1 at 2013-10-08 14:17:30 -0700
Served asset /application.css - 304 Not Modified (0ms)


Started GET "/assets/jquery_ujs.js?body=1" for 127.0.0.1 at 2013-10-08 14:17:30 -0700
Served asset /jquery_ujs.js - 304 Not Modified (0ms)


Started GET "/assets/jquery.js?body=1" for 127.0.0.1 at 2013-10-08 14:17:30 -0700
Served asset /jquery.js - 304 Not Modified (0ms)


Started GET "/assets/application.js?body=1" for 127.0.0.1 at 2013-10-08 14:17:30 -0700
Served asset /application.js - 304 Not Modified (0ms)


Started GET "/movies" for 127.0.0.1 at 2013-10-08 14:17:31 -0700
  Processing by MoviesController#index as HTML
  [1m[35mMovie Load (0.2ms)[0m  SELECT "movies".* FROM "movies" 
Redirected to http://localhost:3000/movies?order=title&ratings%5BG%5D=true&ratings%5BPG%5D=true
Completed 302 Found in 12ms


Started GET "/movies?order=title&ratings%5BG%5D=true&ratings%5BPG%5D=true" for 127.0.0.1 at 2013-10-08 14:17:31 -0700
  Processing by MoviesController#index as HTML
  Parameters: {"order"=>"title", "ratings"=>{"G"=>"true", "PG"=>"true"}}
  [1m[36mMovie Load (0.2ms)[0m  [1mSELECT "movies".* FROM "movies" [0m
Rendered movies/index.html.haml within layouts/application (30.9ms)
Completed 200 OK in 49ms (Views: 42.7ms | ActiveRecord: 0.5ms)


Started GET "/assets/application.css?body=1" for 127.0.0.1 at 2013-10-08 14:17:31 -0700
Served asset /application.css - 304 Not Modified (0ms)


Started GET "/assets/jquery_ujs.js?body=1" for 127.0.0.1 at 2013-10-08 14:17:31 -0700
Served asset /jquery_ujs.js - 304 Not Modified (0ms)


Started GET "/assets/application.js?body=1" for 127.0.0.1 at 2013-10-08 14:17:31 -0700
Served asset /application.js - 304 Not Modified (0ms)


Started GET "/assets/jquery.js?body=1" for 127.0.0.1 at 2013-10-08 14:17:31 -0700
Served asset /jquery.js - 304 Not Modified (0ms)
